[debug] [2025-12-15T14:58:36.308Z] ----------------------------------------------------------------------
[debug] [2025-12-15T14:58:36.309Z] Command:       C:\Program Files\nodejs\node.exe C:\Users\yuzum\AppData\Roaming\npm\node_modules\firebase-tools\lib\bin\firebase.js init hosting
[debug] [2025-12-15T14:58:36.310Z] CLI Version:   15.0.0
[debug] [2025-12-15T14:58:36.310Z] Platform:      win32
[debug] [2025-12-15T14:58:36.310Z] Node Version:  v24.12.0
[debug] [2025-12-15T14:58:36.310Z] Time:          Mon Dec 15 2025 23:58:36 GMT+0900 (日本標準時)
[debug] [2025-12-15T14:58:36.310Z] ----------------------------------------------------------------------
[debug] 
[info] 
     ######## #### ########  ######## ########     ###     ######  ########
     ##        ##  ##     ## ##       ##     ##  ##   ##  ##       ##
     ######    ##  ########  ######   ########  #########  ######  ######
     ##        ##  ##    ##  ##       ##     ## ##     ##       ## ##
     ##       #### ##     ## ######## ########  ##     ##  ######  ########

You're about to initialize a Firebase project in this directory:

  C:\Users\yuzum\kajino-online

[info] 
=== Project Setup
[info] 
[info] First, let's associate this project directory with a Firebase project.
[info] You can create multiple project aliases by running firebase use --add, 
[info] 
[debug] [2025-12-15T14:58:51.116Z] > command requires scopes: ["email","openid","https://www.googleapis.com/auth/cloudplatformprojects.readonly","https://www.googleapis.com/auth/firebase","https://www.googleapis.com/auth/cloud-platform"]
[debug] [2025-12-15T14:58:51.116Z] > authorizing via signed-in user (marrru1007@gmail.com)
[debug] [2025-12-15T14:58:51.117Z] Checked if tokens are valid: true, expires at: 1765814099511
[debug] [2025-12-15T14:58:51.117Z] Checked if tokens are valid: true, expires at: 1765814099511
[debug] [2025-12-15T14:58:51.117Z] >>> [apiv2][query] GET https://firebase.googleapis.com/v1beta1/projects/kajino-online [none]
[debug] [2025-12-15T14:58:51.416Z] <<< [apiv2][status] GET https://firebase.googleapis.com/v1beta1/projects/kajino-online 200
[debug] [2025-12-15T14:58:51.417Z] <<< [apiv2][body] GET https://firebase.googleapis.com/v1beta1/projects/kajino-online {"projectId":"kajino-online","projectNumber":"548395111476","displayName":"kajino-online","name":"projects/kajino-online","resources":{"hostingSite":"kajino-online","realtimeDatabaseInstance":"kajino-online-default-rtdb"},"state":"ACTIVE","etag":"1_9c1d590c-23ef-4803-b8dc-0c357f0f2612"}
[info] i  Using project kajino-online (kajino-online) . 
[info] 
=== Hosting Setup
[debug] [2025-12-15T14:58:51.425Z] Checked if tokens are valid: true, expires at: 1765814099511
[debug] [2025-12-15T14:58:51.425Z] Checked if tokens are valid: true, expires at: 1765814099511
[debug] [2025-12-15T14:58:51.425Z] >>> [apiv2][query] GET https://firebase.googleapis.com/v1beta1/projects/kajino-online [none]
[debug] [2025-12-15T14:58:51.695Z] <<< [apiv2][status] GET https://firebase.googleapis.com/v1beta1/projects/kajino-online 200
[debug] [2025-12-15T14:58:51.695Z] <<< [apiv2][body] GET https://firebase.googleapis.com/v1beta1/projects/kajino-online {"projectId":"kajino-online","projectNumber":"548395111476","displayName":"kajino-online","name":"projects/kajino-online","resources":{"hostingSite":"kajino-online","realtimeDatabaseInstance":"kajino-online-default-rtdb"},"state":"ACTIVE","etag":"1_9c1d590c-23ef-4803-b8dc-0c357f0f2612"}
[info] 
[info] Your public directory is the folder (relative to your project directory) that
[info] will contain Hosting assets to be uploaded with firebase deploy. If you
[info] have a build process for your assets, use your build's output directory.
[info] 
[info] 
[info] i  Didn't detect a .git folder. Assuming C:\Users\yuzum\kajino-online is the project root. 
[info] i  Authorizing with GitHub to upload your service account to a GitHub repository's secrets store. 
[info] 
[info] Visit this URL on this device to log in:
[info] https://github.com/login/oauth/authorize?client_id=89cf50f02ac6aaed3484&state=554219725&redirect_uri=http%3A%2F%2Flocalhost%3A9005&scope=read%3Auser%20repo%20public_repo
[info] 
[info] Waiting for authentication...
[debug] [2025-12-15T14:59:38.946Z] >>> [apiv2][query] POST https://github.com/login/oauth/access_token [none]
[debug] [2025-12-15T14:59:38.946Z] >>> [apiv2][body] POST https://github.com/login/oauth/access_token [stream]
[debug] [2025-12-15T14:59:39.260Z] <<< [apiv2][status] POST https://github.com/login/oauth/access_token 200
[debug] [2025-12-15T14:59:39.260Z] <<< [apiv2][body] POST https://github.com/login/oauth/access_token {"access_token":"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","token_type":"bearer","scope":"read:user,repo"}
[debug] [2025-12-15T14:59:39.263Z] >>> [apiv2][query] GET https://api.github.com/user [none]
[debug] [2025-12-15T14:59:39.552Z] <<< [apiv2][status] GET https://api.github.com/user 200
[debug] [2025-12-15T14:59:39.552Z] <<< [apiv2][body] GET https://api.github.com/user {"login":"marun1007","id":249761370,"node_id":"U_kgDODuMOWg","avatar_url":"https://avatars.githubusercontent.com/u/249761370?v=4","gravatar_id":"","url":"https://api.github.com/users/marun1007","html_url":"https://github.com/marun1007","followers_url":"https://api.github.com/users/marun1007/followers","following_url":"https://api.github.com/users/marun1007/following{/other_user}","gists_url":"https://api.github.com/users/marun1007/gists{/gist_id}","starred_url":"https://api.github.com/users/marun1007/starred{/owner}{/repo}","subscriptions_url":"https://api.github.com/users/marun1007/subscriptions","organizations_url":"https://api.github.com/users/marun1007/orgs","repos_url":"https://api.github.com/users/marun1007/repos","events_url":"https://api.github.com/users/marun1007/events{/privacy}","received_events_url":"https://api.github.com/users/marun1007/received_events","type":"User","user_view_type":"private","site_admin":false,"name":null,"company":null,"blog":"","location":null,"email":null,"hireable":null,"bio":null,"twitter_username":null,"notification_email":null,"public_repos":1,"public_gists":0,"followers":0,"following":0,"created_at":"2025-12-15T14:01:30Z","updated_at":"2025-12-15T14:03:33Z","private_gists":0,"total_private_repos":1,"owned_private_repos":1,"disk_usage":0,"collaborators":0,"two_factor_authentication":false,"plan":{"name":"free","space":976562499,"collaborators":0,"private_repos":10000}}
[info] 
[info] +  Success! Logged into GitHub as marun1007 
[info] 
